\BOOKMARK [0][-]{chapter*.1}{Abstract}{}% 1
\BOOKMARK [0][-]{chapter.1}{Introduction}{}% 2
\BOOKMARK [1][-]{section.1.1}{Background}{chapter.1}% 3
\BOOKMARK [1][-]{section.1.2}{Procedural content generation}{chapter.1}% 4
\BOOKMARK [1][-]{section.1.3}{City generation}{chapter.1}% 5
\BOOKMARK [1][-]{section.1.4}{Problem statement}{chapter.1}% 6
\BOOKMARK [1][-]{section.1.5}{Objectives}{chapter.1}% 7
\BOOKMARK [1][-]{section.1.6}{Research question}{chapter.1}% 8
\BOOKMARK [0][-]{chapter.2}{Related work}{}% 9
\BOOKMARK [0][-]{chapter.3}{Theoretical framework}{}% 10
\BOOKMARK [1][-]{section.3.1}{Noise}{chapter.3}% 11
\BOOKMARK [2][-]{subsection.3.1.1}{Perlin noise}{section.3.1}% 12
\BOOKMARK [1][-]{section.3.2}{Online vs offline}{chapter.3}% 13
\BOOKMARK [1][-]{section.3.3}{Viability}{chapter.3}% 14
\BOOKMARK [1][-]{section.3.4}{Evaluation}{chapter.3}% 15
\BOOKMARK [0][-]{chapter.4}{Method}{}% 16
\BOOKMARK [1][-]{section.4.1}{City generation method}{chapter.4}% 17
\BOOKMARK [2][-]{subsection.4.1.1}{Districts}{section.4.1}% 18
\BOOKMARK [2][-]{subsection.4.1.2}{Blocks}{section.4.1}% 19
\BOOKMARK [2][-]{subsection.4.1.3}{Buildings}{section.4.1}% 20
\BOOKMARK [1][-]{section.4.2}{Implementation}{chapter.4}% 21
\BOOKMARK [2][-]{subsection.4.2.1}{Interface}{section.4.2}% 22
\BOOKMARK [2][-]{subsection.4.2.2}{Modified Perlin noise}{section.4.2}% 23
\BOOKMARK [2][-]{subsection.4.2.3}{Blocks}{section.4.2}% 24
\BOOKMARK [2][-]{subsection.4.2.4}{Buildings}{section.4.2}% 25
\BOOKMARK [1][-]{section.4.3}{Data collection}{chapter.4}% 26
\BOOKMARK [1][-]{section.4.4}{Experiment Design}{chapter.4}% 27
\BOOKMARK [2][-]{subsection.4.4.1}{Introduction}{section.4.4}% 28
\BOOKMARK [2][-]{subsection.4.4.2}{Experiment Scoping}{section.4.4}% 29
\BOOKMARK [2][-]{subsection.4.4.3}{Experiment planning}{section.4.4}% 30
\BOOKMARK [2][-]{subsection.4.4.4}{Questionnaire form}{section.4.4}% 31
\BOOKMARK [2][-]{subsection.4.4.5}{Experiment Execution planning}{section.4.4}% 32
\BOOKMARK [2][-]{subsection.4.4.6}{Experiment analysis method}{section.4.4}% 33
\BOOKMARK [0][-]{chapter.5}{Results}{}% 34
\BOOKMARK [1][-]{section.5.1}{Results}{chapter.5}% 35
\BOOKMARK [0][-]{chapter.6}{Discussion}{}% 36
\BOOKMARK [1][-]{section.6.1}{Data and user study analysis}{chapter.6}% 37
\BOOKMARK [1][-]{section.6.2}{Implementation analysis}{chapter.6}% 38
\BOOKMARK [1][-]{section.6.3}{City analysis}{chapter.6}% 39
\BOOKMARK [0][-]{chapter.7}{Conclusion and future work}{}% 40
\BOOKMARK [1][-]{section.7.1}{Conclusion}{chapter.7}% 41
\BOOKMARK [1][-]{section.7.2}{Future work}{chapter.7}% 42
\BOOKMARK [2][-]{subsection.7.2.1}{More generation parameters}{section.7.2}% 43
\BOOKMARK [2][-]{subsection.7.2.2}{Mesh generation}{section.7.2}% 44
\BOOKMARK [2][-]{subsection.7.2.3}{Curved roads}{section.7.2}% 45
\BOOKMARK [2][-]{subsection.7.2.4}{Terrain integration}{section.7.2}% 46
\BOOKMARK [0][-]{chapter*.24}{References}{}% 47
